0 info it worked if it ends with ok
1 verbose cli [ '/usr/local/bin/node',
1 verbose cli   '/usr/local/bin/npm',
1 verbose cli   'install',
1 verbose cli   'node-xlsx' ]
2 info using npm@3.8.9
3 info using node@v6.2.0
4 silly loadCurrentTree Starting
5 silly install loadCurrentTree
6 silly install readLocalPackageData
7 silly fetchPackageMetaData node-xlsx
8 silly fetchNamedPackageData node-xlsx
9 silly mapToRegistry name node-xlsx
10 silly mapToRegistry using default registry
11 silly mapToRegistry registry https://registry.npmjs.org/
12 silly mapToRegistry data Result {
12 silly mapToRegistry   raw: 'node-xlsx',
12 silly mapToRegistry   scope: null,
12 silly mapToRegistry   name: 'node-xlsx',
12 silly mapToRegistry   rawSpec: '',
12 silly mapToRegistry   spec: 'latest',
12 silly mapToRegistry   type: 'tag' }
13 silly mapToRegistry uri https://registry.npmjs.org/node-xlsx
14 verbose request uri https://registry.npmjs.org/node-xlsx
15 verbose request no auth needed
16 info attempt registry request try #1 at 9:40:14 AM
17 verbose request id 1edefa7f488c2e2b
18 http request GET https://registry.npmjs.org/node-xlsx
19 info retry will retry, error on last attempt: Error: connect ETIMEDOUT 104.16.16.35:443
20 info attempt registry request try #2 at 9:42:31 AM
21 http request GET https://registry.npmjs.org/node-xlsx
22 info retry will retry, error on last attempt: Error: connect ETIMEDOUT 104.16.25.35:443
23 info attempt registry request try #3 at 9:45:38 AM
24 http request GET https://registry.npmjs.org/node-xlsx
25 silly fetchPackageMetaData Error: connect ETIMEDOUT 104.16.24.35:443
25 silly fetchPackageMetaData     at Object.exports._errnoException (util.js:953:11)
25 silly fetchPackageMetaData     at exports._exceptionWithHostPort (util.js:976:20)
25 silly fetchPackageMetaData     at TCPConnectWrap.afterConnect [as oncomplete] (net.js:1080:14)
25 silly fetchPackageMetaData  error for node-xlsx { Error: connect ETIMEDOUT 104.16.24.35:443
25 silly fetchPackageMetaData     at Object.exports._errnoException (util.js:953:11)
25 silly fetchPackageMetaData     at exports._exceptionWithHostPort (util.js:976:20)
25 silly fetchPackageMetaData     at TCPConnectWrap.afterConnect [as oncomplete] (net.js:1080:14)
25 silly fetchPackageMetaData   code: 'ETIMEDOUT',
25 silly fetchPackageMetaData   errno: 'ETIMEDOUT',
25 silly fetchPackageMetaData   syscall: 'connect',
25 silly fetchPackageMetaData   address: '104.16.24.35',
25 silly fetchPackageMetaData   port: 443 }
26 silly rollbackFailedOptional Starting
27 silly rollbackFailedOptional Finishing
28 silly runTopLevelLifecycles Starting
29 silly runTopLevelLifecycles Finishing
30 silly install printInstalled
31 verbose stack Error: connect ETIMEDOUT 104.16.24.35:443
31 verbose stack     at Object.exports._errnoException (util.js:953:11)
31 verbose stack     at exports._exceptionWithHostPort (util.js:976:20)
31 verbose stack     at TCPConnectWrap.afterConnect [as oncomplete] (net.js:1080:14)
32 verbose cwd /home/PT/src
33 error Linux 3.13.0-24-generic
34 error argv "/usr/local/bin/node" "/usr/local/bin/npm" "install" "node-xlsx"
35 error node v6.2.0
36 error npm  v3.8.9
37 error code ETIMEDOUT
38 error errno ETIMEDOUT
39 error syscall connect
40 error network connect ETIMEDOUT 104.16.24.35:443
41 error network This is most likely not a problem with npm itself
41 error network and is related to network connectivity.
41 error network In most cases you are behind a proxy or have bad network settings.
41 error network
41 error network If you are behind a proxy, please make sure that the
41 error network 'proxy' config is set properly.  See: 'npm help config'
42 verbose exit [ 1, true ]
